[2023-10-01 08:00:00] INFO: Application started.
[2023-10-01 08:00:05] DEBUG: Loading configuration file "config.json".
[2023-10-01 08:00:06] INFO: Configuration loaded successfully.
[2023-10-01 08:00:10] INFO: Database connection established.
[2023-10-01 08:00:15] INFO: User "admin" logged in.
[2023-10-01 08:00:20] DEBUG: Fetching user data for ID 123.
[2023-10-01 08:00:25] INFO: User data retrieved successfully.
[2023-10-01 08:00:30] WARNING: Deprecated API used in module "user_auth".
[2023-10-01 08:00:35] INFO: User "admin" updated profile settings.
[2023-10-01 08:00:40] DEBUG: Sending email notification to user "admin".
[2023-10-01 08:00:45] INFO: Email sent successfully.
[2023-10-01 08:00:50] ERROR: Failed to connect to external service. Retrying in 5 seconds...
[2023-10-01 08:00:55] ERROR: External service connection failed after 3 attempts.
[2023-10-01 08:01:00] CRITICAL: Application shutting down due to critical error.
[2023-10-01 08:01:05] INFO: Application restarted.
[2023-10-01 08:01:10] INFO: Database connection established.
[2023-10-01 08:01:15] INFO: User "guest" logged in.
[2023-10-01 08:01:20] DEBUG: Fetching user data for ID 456.
[2023-10-01 08:01:25] INFO: User data retrieved successfully.
[2023-10-01 08:01:30] WARNING: High memory usage detected (85%).
[2023-10-01 08:01:35] INFO: User "guest" performed search query "latest news".
[2023-10-01 08:01:40] DEBUG: Processing search results for query "latest news".
[2023-10-01 08:01:45] INFO: Search results delivered successfully.
[2023-10-01 08:01:50] ERROR: Failed to save search history for user "guest".
[2023-10-01 08:01:55] INFO: User "guest" logged out.
[2023-10-01 08:02:00] INFO: Application stopped.
[2023-10-02 09:00:00] INFO: Application started.
[2023-10-02 09:00:05] DEBUG: Loading configuration file "config.json".
[2023-10-02 09:00:06] INFO: Configuration loaded successfully.
[2023-10-02 09:00:10] INFO: Database connection established.
[2023-10-02 09:00:15] INFO: User "admin" logged in.
[2023-10-02 09:00:20] DEBUG: Fetching user data for ID 123.
[2023-10-02 09:00:25] INFO: User data retrieved successfully.
[2023-10-02 09:00:30] WARNING: Deprecated API used in module "user_auth".
[2023-10-02 09:00:35] INFO: User "admin" updated profile settings.
[2023-10-02 09:00:40] DEBUG: Sending email notification to user "admin".
[2023-10-02 09:00:45] INFO: Email sent successfully.
[2023-10-02 09:00:50] ERROR: Failed to connect to external service. Retrying in 5 seconds...
[2023-10-02 09:00:55] ERROR: External service connection failed after 3 attempts.
[2023-10-02 09:01:00] CRITICAL: Application shutting down due to critical error.
[2023-10-02 09:01:05] INFO: Application restarted.
[2023-10-02 09:01:10] INFO: Database connection established.
[2023-10-02 09:01:15] INFO: User "guest" logged in.
[2023-10-02 09:01:20] DEBUG: Fetching user data for ID 456.
[2023-10-02 09:01:25] INFO: User data retrieved successfully.
[2023-10-02 09:01:30] WARNING: High memory usage detected (85%).
[2023-10-02 09:01:35] INFO: User "guest" performed search query "latest news".
[2023-10-02 09:01:40] DEBUG: Processing search results for query "latest news".
[2023-10-02 09:01:45] INFO: Search results delivered successfully.
[2023-10-02 09:01:50] ERROR: Failed to save search history for user "guest".
[2023-10-02 09:01:55] INFO: User "guest" logged out.
[2023-10-02 09:02:00] INFO: Application stopped.
[2023-10-03 10:00:00] INFO: Application started.
[2023-10-03 10:00:05] DEBUG: Loading configuration file "config.json".
[2023-10-03 10:00:06] INFO: Configuration loaded successfully.
[2023-10-03 10:00:10] INFO: Database connection established.
[2023-10-03 10:00:15] INFO: User "admin" logged in.
[2023-10-03 10:00:20] DEBUG: Fetching user data for ID 123.
[2023-10-03 10:00:25] INFO: User data retrieved successfully.
[2023-10-03 10:00:30] WARNING: Deprecated API used in module "user_auth".
[2023-10-03 10:00:35] INFO: User "admin" updated profile settings.
[2023-10-03 10:00:40] DEBUG: Sending email notification to user "admin".
[2023-10-03 10:00:45] INFO: Email sent successfully.
[2023-10-03 10:00:50] ERROR: Failed to connect to external service. Retrying in 5 seconds...
[2023-10-03 10:00:55] ERROR: External service connection failed after 3 attempts.
[2023-10-03 10:01:00] CRITICAL: Application shutting down due to critical error.
[2023-10-03 10:01:05] INFO: Application restarted.
[2023-10-03 10:01:10] INFO: Database connection established.
[2023-10-03 10:01:15] INFO: User "guest" logged in.
[2023-10-03 10:01:20] DEBUG: Fetching user data for ID 456.
[2023-10-03 10:01:25] INFO: User data retrieved successfully.
[2023-10-03 10:01:30] WARNING: High memory usage detected (85%).
[2023-10-03 10:01:35] INFO: User "guest" performed search query "latest news".
[2023-10-03 10:01:40] DEBUG: Processing search results for query "latest news".
[2023-10-03 10:01:45] INFO: Search results delivered successfully.
[2023-10-03 10:01:50] ERROR: Failed to save search history for user "guest".
[2023-10-03 10:01:55] INFO: User "guest" logged out.
[2023-10-03 10:02:00] INFO: Application stopped.